2025-05-12T00:03:15.802-07:00  INFO 15708 --- [restartedMain] backend.backend.BackendApplication       : Starting BackendApplication using Java 17.0.14 with PID 15708 (D:\Work Space\VS_CODE\SPRING BOOT\facebook\backend\target\classes started by mansh in D:\Work Space\VS_CODE\SPRING BOOT\facebook)
2025-05-12T00:03:15.823-07:00  INFO 15708 --- [restartedMain] backend.backend.BackendApplication       : No active profile set, falling back to 1 default profile: "default"
2025-05-12T00:03:15.936-07:00  INFO 15708 --- [restartedMain] .e.DevToolsPropertyDefaultsPostProcessor : Devtools property defaults active! Set 'spring.devtools.add-properties' to 'false' to disable
2025-05-12T00:03:15.938-07:00  INFO 15708 --- [restartedMain] .e.DevToolsPropertyDefaultsPostProcessor : For additional web related logging consider setting the 'logging.level.web' property to 'DEBUG'
2025-05-12T00:03:17.856-07:00  INFO 15708 --- [restartedMain] .s.d.r.c.RepositoryConfigurationDelegate : Bootstrapping Spring Data JPA repositories in DEFAULT mode.
2025-05-12T00:03:18.107-07:00  INFO 15708 --- [restartedMain] .s.d.r.c.RepositoryConfigurationDelegate : Finished Spring Data repository scanning in 228 ms. Found 13 JPA repository interfaces.
2025-05-12T00:03:19.409-07:00  INFO 15708 --- [restartedMain] b.backend.config.ServerPortConfig        : Configuring server to use port: 8080
2025-05-12T00:03:19.756-07:00  INFO 15708 --- [restartedMain] o.s.b.w.embedded.tomcat.TomcatWebServer  : Tomcat initialized with port 8080 (http)
2025-05-12T00:03:19.779-07:00  INFO 15708 --- [restartedMain] o.apache.catalina.core.StandardService   : Starting service [Tomcat]
2025-05-12T00:03:19.780-07:00  INFO 15708 --- [restartedMain] o.apache.catalina.core.StandardEngine    : Starting Servlet engine: [Apache Tomcat/10.1.36]
2025-05-12T00:03:19.865-07:00  INFO 15708 --- [restartedMain] o.a.c.c.C.[Tomcat].[localhost].[/]       : Initializing Spring embedded WebApplicationContext
2025-05-12T00:03:19.866-07:00  INFO 15708 --- [restartedMain] w.s.c.ServletWebServerApplicationContext : Root WebApplicationContext: initialization completed in 3925 ms
2025-05-12T00:03:20.199-07:00  INFO 15708 --- [restartedMain] o.hibernate.jpa.internal.util.LogHelper  : HHH000204: Processing PersistenceUnitInfo [name: default]
2025-05-12T00:03:20.331-07:00  INFO 15708 --- [restartedMain] org.hibernate.Version                    : HHH000412: Hibernate ORM core version 6.6.8.Final
2025-05-12T00:03:20.400-07:00  INFO 15708 --- [restartedMain] o.h.c.internal.RegionFactoryInitiator    : HHH000026: Second-level cache disabled
2025-05-12T00:03:20.967-07:00  INFO 15708 --- [restartedMain] o.s.o.j.p.SpringPersistenceUnitInfo      : No LoadTimeWeaver setup: ignoring JPA class transformer
2025-05-12T00:03:21.031-07:00  INFO 15708 --- [restartedMain] com.zaxxer.hikari.HikariDataSource       : HikariPool-1 - Starting...
2025-05-12T00:03:21.272-07:00  INFO 15708 --- [restartedMain] com.zaxxer.hikari.pool.HikariPool        : HikariPool-1 - Added connection com.mysql.cj.jdbc.ConnectionImpl@6972dd5b
2025-05-12T00:03:21.277-07:00  INFO 15708 --- [restartedMain] com.zaxxer.hikari.HikariDataSource       : HikariPool-1 - Start completed.
2025-05-12T00:03:21.353-07:00  WARN 15708 --- [restartedMain] org.hibernate.dialect.Dialect            : HHH000511: The 5.5.5 version for [org.hibernate.dialect.MySQLDialect] is no longer supported, hence certain features may not work properly. The minimum supported version is 8.0.0. Check the community dialects project for available legacy versions.
2025-05-12T00:03:21.362-07:00  WARN 15708 --- [restartedMain] org.hibernate.orm.deprecation            : HHH90000025: MySQLDialect does not need to be specified explicitly using 'hibernate.dialect' (remove the property setting and it will be selected by default)
2025-05-12T00:03:21.413-07:00  INFO 15708 --- [restartedMain] org.hibernate.orm.connections.pooling    : HHH10001005: Database info:
	Database JDBC URL [Connecting through datasource 'HikariDataSource (HikariPool-1)']
	Database driver: undefined/unknown
	Database version: 5.5.5
	Autocommit mode: undefined/unknown
	Isolation level: undefined/unknown
	Minimum pool size: undefined/unknown
	Maximum pool size: undefined/unknown
2025-05-12T00:03:23.879-07:00  INFO 15708 --- [restartedMain] o.h.e.t.j.p.i.JtaPlatformInitiator       : HHH000489: No JTA platform available (set 'hibernate.transaction.jta.platform' to enable JTA platform integration)
2025-05-12T00:03:24.340-07:00  INFO 15708 --- [restartedMain] j.LocalContainerEntityManagerFactoryBean : Initialized JPA EntityManagerFactory for persistence unit 'default'
2025-05-12T00:03:24.807-07:00  INFO 15708 --- [restartedMain] o.s.d.j.r.query.QueryEnhancerFactory     : Hibernate is in classpath; If applicable, HQL parser will be used.
2025-05-12T00:03:33.702-07:00  WARN 15708 --- [restartedMain] JpaBaseConfiguration$JpaWebConfiguration : spring.jpa.open-in-view is enabled by default. Therefore, database queries may be performed during view rendering. Explicitly configure spring.jpa.open-in-view to disable this warning
2025-05-12T00:03:33.740-07:00  WARN 15708 --- [restartedMain] .s.s.UserDetailsServiceAutoConfiguration : 

Using generated security password: 76f1e858-6ca4-42fc-8d37-2b03b13c0e0c

This generated password is for development use only. Your security configuration must be updated before running your application in production.

2025-05-12T00:03:33.759-07:00  INFO 15708 --- [restartedMain] r$InitializeUserDetailsManagerConfigurer : Global AuthenticationManager configured with UserDetailsService bean with name inMemoryUserDetailsManager
2025-05-12T00:03:34.906-07:00  INFO 15708 --- [restartedMain] o.s.b.d.a.OptionalLiveReloadServer       : LiveReload server is running on port 35729
2025-05-12T00:03:34.933-07:00  INFO 15708 --- [restartedMain] o.s.m.s.b.SimpleBrokerMessageHandler     : Starting...
2025-05-12T00:03:34.936-07:00  INFO 15708 --- [restartedMain] o.s.m.s.b.SimpleBrokerMessageHandler     : BrokerAvailabilityEvent[available=true, SimpleBrokerMessageHandler [org.springframework.messaging.simp.broker.DefaultSubscriptionRegistry@2712dbf]]
2025-05-12T00:03:34.939-07:00  INFO 15708 --- [restartedMain] o.s.m.s.b.SimpleBrokerMessageHandler     : Started.
2025-05-12T00:03:34.991-07:00  INFO 15708 --- [restartedMain] o.s.b.w.embedded.tomcat.TomcatWebServer  : Tomcat started on port 8080 (http) with context path '/'
2025-05-12T00:03:35.006-07:00  INFO 15708 --- [restartedMain] backend.backend.BackendApplication       : Started BackendApplication in 19.962 seconds (process running for 20.544)
2025-05-12T00:04:19.345-07:00  INFO 15708 --- [http-nio-8080-exec-4] o.a.c.c.C.[Tomcat].[localhost].[/]       : Initializing Spring DispatcherServlet 'dispatcherServlet'
2025-05-12T00:04:19.348-07:00  INFO 15708 --- [http-nio-8080-exec-4] o.s.web.servlet.DispatcherServlet        : Initializing Servlet 'dispatcherServlet'
2025-05-12T00:04:19.358-07:00  INFO 15708 --- [http-nio-8080-exec-4] o.s.web.servlet.DispatcherServlet        : Completed initialization in 9 ms
2025-05-12T00:04:19.741-07:00  WARN 15708 --- [http-nio-8080-exec-9] o.s.web.servlet.PageNotFound             : No mapping for GET /avatar2.png
2025-05-12T00:04:19.765-07:00  WARN 15708 --- [http-nio-8080-exec-9] o.s.web.servlet.PageNotFound             : No endpoint GET /avatar2.png.
2025-05-12T00:04:23.331-07:00  WARN 15708 --- [http-nio-8080-exec-2] ration$PageModule$WarningLoggingModifier : Serializing PageImpl instances as-is is not supported, meaning that there is no guarantee about the stability of the resulting JSON structure!
	For a stable JSON structure, please use Spring Data's PagedModel (globally via @EnableSpringDataWebSupport(pageSerializationMode = VIA_DTO))
	or Spring HATEOAS and Spring Data's PagedResourcesAssembler as documented in https://docs.spring.io/spring-data/commons/reference/repositories/core-extensions.html#core.web.pageables.

2025-05-12T00:04:23.426-07:00  WARN 15708 --- [http-nio-8080-exec-9] o.s.web.servlet.PageNotFound             : No mapping for GET /avatar2.png
2025-05-12T00:04:23.428-07:00  WARN 15708 --- [http-nio-8080-exec-9] o.s.web.servlet.PageNotFound             : No endpoint GET /avatar2.png.
2025-05-12T00:04:24.609-07:00  WARN 15708 --- [http-nio-8080-exec-3] o.s.web.servlet.PageNotFound             : No mapping for GET /avatar2.png
2025-05-12T00:04:24.611-07:00  WARN 15708 --- [http-nio-8080-exec-3] o.s.web.servlet.PageNotFound             : No endpoint GET /avatar2.png.
2025-05-12T00:04:24.669-07:00  WARN 15708 --- [http-nio-8080-exec-9] o.s.web.servlet.PageNotFound             : No mapping for GET /avatar2.png
2025-05-12T00:04:24.670-07:00  WARN 15708 --- [http-nio-8080-exec-9] o.s.web.servlet.PageNotFound             : No endpoint GET /avatar2.png.
2025-05-12T00:04:34.949-07:00  INFO 15708 --- [MessageBroker-2] o.s.w.s.c.WebSocketMessageBrokerStats    : WebSocketSession[2 current WS(2)-HttpStream(0)-HttpPoll(0), 3 total, 0 closed abnormally (0 connect failure, 0 send limit, 0 transport error)], stompSubProtocol[processed CONNECT(3)-CONNECTED(3)-DISCONNECT(1)], stompBrokerRelay[null], inboundChannel[pool size = 16, active threads = 0, queued tasks = 0, completed tasks = 39], outboundChannel[pool size = 6, active threads = 0, queued tasks = 0, completed tasks = 6], sockJsScheduler[pool size = 8, active threads = 1, queued tasks = 3, completed tasks = 4]
2025-05-12T00:04:37.481-07:00  WARN 15708 --- [http-nio-8080-exec-7] o.s.web.servlet.PageNotFound             : No mapping for GET /avatar2.png
2025-05-12T00:04:37.482-07:00  WARN 15708 --- [http-nio-8080-exec-7] o.s.web.servlet.PageNotFound             : No endpoint GET /avatar2.png.
2025-05-12T00:04:52.982-07:00  WARN 15708 --- [http-nio-8080-exec-8] o.s.web.servlet.PageNotFound             : No mapping for GET /avatar2.png
2025-05-12T00:04:52.984-07:00  WARN 15708 --- [http-nio-8080-exec-8] o.s.web.servlet.PageNotFound             : No endpoint GET /avatar2.png.
2025-05-12T00:05:01.069-07:00  WARN 15708 --- [http-nio-8080-exec-10] o.s.web.servlet.PageNotFound             : No mapping for GET /avatar2.png
2025-05-12T00:05:01.071-07:00  WARN 15708 --- [http-nio-8080-exec-10] o.s.web.servlet.PageNotFound             : No endpoint GET /avatar2.png.
2025-05-12T00:09:44.587-07:00  INFO 15708 --- [File Watcher] rtingClassPathChangeChangedEventListener : Restarting due to 1 class path change (0 additions, 0 deletions, 1 modification)
2025-05-12T00:09:44.599-07:00  INFO 15708 --- [Thread-5] o.s.b.w.e.tomcat.GracefulShutdown        : Commencing graceful shutdown. Waiting for active requests to complete
2025-05-12T00:09:44.662-07:00  INFO 15708 --- [tomcat-shutdown] o.s.b.w.e.tomcat.GracefulShutdown        : Graceful shutdown complete
2025-05-12T00:09:44.666-07:00  INFO 15708 --- [Thread-5] o.s.m.s.b.SimpleBrokerMessageHandler     : Stopping...
2025-05-12T00:09:44.667-07:00  INFO 15708 --- [Thread-5] o.s.m.s.b.SimpleBrokerMessageHandler     : BrokerAvailabilityEvent[available=false, SimpleBrokerMessageHandler [org.springframework.messaging.simp.broker.DefaultSubscriptionRegistry@2712dbf]]
2025-05-12T00:09:44.667-07:00  INFO 15708 --- [Thread-5] o.s.m.s.b.SimpleBrokerMessageHandler     : Stopped.
2025-05-12T00:09:44.674-07:00  INFO 15708 --- [Thread-5] j.LocalContainerEntityManagerFactoryBean : Closing JPA EntityManagerFactory for persistence unit 'default'
2025-05-12T00:09:44.689-07:00  INFO 15708 --- [Thread-5] com.zaxxer.hikari.HikariDataSource       : HikariPool-1 - Shutdown initiated...
2025-05-12T00:09:44.705-07:00  INFO 15708 --- [Thread-5] com.zaxxer.hikari.HikariDataSource       : HikariPool-1 - Shutdown completed.
2025-05-12T00:09:45.064-07:00  INFO 15708 --- [restartedMain] backend.backend.BackendApplication       : Starting BackendApplication using Java 17.0.14 with PID 15708 (D:\Work Space\VS_CODE\SPRING BOOT\facebook\backend\target\classes started by mansh in D:\Work Space\VS_CODE\SPRING BOOT\facebook)
2025-05-12T00:09:45.068-07:00  INFO 15708 --- [restartedMain] backend.backend.BackendApplication       : No active profile set, falling back to 1 default profile: "default"
2025-05-12T00:09:45.871-07:00  INFO 15708 --- [restartedMain] .s.d.r.c.RepositoryConfigurationDelegate : Bootstrapping Spring Data JPA repositories in DEFAULT mode.
2025-05-12T00:09:45.998-07:00  INFO 15708 --- [restartedMain] .s.d.r.c.RepositoryConfigurationDelegate : Finished Spring Data repository scanning in 123 ms. Found 13 JPA repository interfaces.
2025-05-12T00:09:46.265-07:00  INFO 15708 --- [restartedMain] b.backend.config.ServerPortConfig        : Configuring server to use port: 8080
2025-05-12T00:09:46.325-07:00  INFO 15708 --- [restartedMain] o.s.b.w.embedded.tomcat.TomcatWebServer  : Tomcat initialized with port 8080 (http)
2025-05-12T00:09:46.327-07:00  INFO 15708 --- [restartedMain] o.apache.catalina.core.StandardService   : Starting service [Tomcat]
2025-05-12T00:09:46.328-07:00  INFO 15708 --- [restartedMain] o.apache.catalina.core.StandardEngine    : Starting Servlet engine: [Apache Tomcat/10.1.36]
2025-05-12T00:09:46.368-07:00  INFO 15708 --- [restartedMain] o.a.c.c.C.[Tomcat].[localhost].[/]       : Initializing Spring embedded WebApplicationContext
2025-05-12T00:09:46.370-07:00  INFO 15708 --- [restartedMain] w.s.c.ServletWebServerApplicationContext : Root WebApplicationContext: initialization completed in 1293 ms
2025-05-12T00:09:46.560-07:00  INFO 15708 --- [restartedMain] o.hibernate.jpa.internal.util.LogHelper  : HHH000204: Processing PersistenceUnitInfo [name: default]
2025-05-12T00:09:46.571-07:00  INFO 15708 --- [restartedMain] o.h.c.internal.RegionFactoryInitiator    : HHH000026: Second-level cache disabled
2025-05-12T00:09:46.639-07:00  INFO 15708 --- [restartedMain] o.s.o.j.p.SpringPersistenceUnitInfo      : No LoadTimeWeaver setup: ignoring JPA class transformer
2025-05-12T00:09:46.643-07:00  INFO 15708 --- [restartedMain] com.zaxxer.hikari.HikariDataSource       : HikariPool-2 - Starting...
2025-05-12T00:09:46.657-07:00  INFO 15708 --- [restartedMain] com.zaxxer.hikari.pool.HikariPool        : HikariPool-2 - Added connection com.mysql.cj.jdbc.ConnectionImpl@481678bd
2025-05-12T00:09:46.659-07:00  INFO 15708 --- [restartedMain] com.zaxxer.hikari.HikariDataSource       : HikariPool-2 - Start completed.
2025-05-12T00:09:46.663-07:00  WARN 15708 --- [restartedMain] org.hibernate.dialect.Dialect            : HHH000511: The 5.5.5 version for [org.hibernate.dialect.MySQLDialect] is no longer supported, hence certain features may not work properly. The minimum supported version is 8.0.0. Check the community dialects project for available legacy versions.
2025-05-12T00:09:46.667-07:00  WARN 15708 --- [restartedMain] org.hibernate.orm.deprecation            : HHH90000025: MySQLDialect does not need to be specified explicitly using 'hibernate.dialect' (remove the property setting and it will be selected by default)
2025-05-12T00:09:46.669-07:00  INFO 15708 --- [restartedMain] org.hibernate.orm.connections.pooling    : HHH10001005: Database info:
	Database JDBC URL [Connecting through datasource 'HikariDataSource (HikariPool-2)']
	Database driver: undefined/unknown
	Database version: 5.5.5
	Autocommit mode: undefined/unknown
	Isolation level: undefined/unknown
	Minimum pool size: undefined/unknown
	Maximum pool size: undefined/unknown
2025-05-12T00:09:47.716-07:00  INFO 15708 --- [restartedMain] o.h.e.t.j.p.i.JtaPlatformInitiator       : HHH000489: No JTA platform available (set 'hibernate.transaction.jta.platform' to enable JTA platform integration)
2025-05-12T00:09:48.092-07:00  INFO 15708 --- [restartedMain] j.LocalContainerEntityManagerFactoryBean : Initialized JPA EntityManagerFactory for persistence unit 'default'
2025-05-12T00:09:48.923-07:00  WARN 15708 --- [restartedMain] JpaBaseConfiguration$JpaWebConfiguration : spring.jpa.open-in-view is enabled by default. Therefore, database queries may be performed during view rendering. Explicitly configure spring.jpa.open-in-view to disable this warning
2025-05-12T00:09:48.934-07:00  WARN 15708 --- [restartedMain] .s.s.UserDetailsServiceAutoConfiguration : 

Using generated security password: 552b994e-84a4-48d5-b57c-d1820e2db884

This generated password is for development use only. Your security configuration must be updated before running your application in production.

2025-05-12T00:09:48.937-07:00  INFO 15708 --- [restartedMain] r$InitializeUserDetailsManagerConfigurer : Global AuthenticationManager configured with UserDetailsService bean with name inMemoryUserDetailsManager
2025-05-12T00:09:49.162-07:00  INFO 15708 --- [restartedMain] o.s.b.d.a.OptionalLiveReloadServer       : LiveReload server is running on port 35729
2025-05-12T00:09:49.173-07:00  INFO 15708 --- [restartedMain] o.s.m.s.b.SimpleBrokerMessageHandler     : Starting...
2025-05-12T00:09:49.174-07:00  INFO 15708 --- [restartedMain] o.s.m.s.b.SimpleBrokerMessageHandler     : BrokerAvailabilityEvent[available=true, SimpleBrokerMessageHandler [org.springframework.messaging.simp.broker.DefaultSubscriptionRegistry@2065f714]]
2025-05-12T00:09:49.175-07:00  INFO 15708 --- [restartedMain] o.s.m.s.b.SimpleBrokerMessageHandler     : Started.
2025-05-12T00:09:49.184-07:00  INFO 15708 --- [restartedMain] o.s.b.w.embedded.tomcat.TomcatWebServer  : Tomcat started on port 8080 (http) with context path '/'
2025-05-12T00:09:49.190-07:00  INFO 15708 --- [restartedMain] backend.backend.BackendApplication       : Started BackendApplication in 4.262 seconds (process running for 394.727)
2025-05-12T00:09:49.201-07:00  INFO 15708 --- [restartedMain] .ConditionEvaluationDeltaLoggingListener : Condition evaluation unchanged
2025-05-12T00:10:49.186-07:00  INFO 15708 --- [MessageBroker-1] o.s.w.s.c.WebSocketMessageBrokerStats    : WebSocketSession[0 current WS(0)-HttpStream(0)-HttpPoll(0), 0 total, 0 closed abnormally (0 connect failure, 0 send limit, 0 transport error)], stompSubProtocol[processed CONNECT(0)-CONNECTED(0)-DISCONNECT(0)], stompBrokerRelay[null], inboundChannel[pool size = 0, active threads = 0, queued tasks = 0, completed tasks = 0], outboundChannel[pool size = 0, active threads = 0, queued tasks = 0, completed tasks = 0], sockJsScheduler[pool size = 1, active threads = 1, queued tasks = 0, completed tasks = 0]
2025-05-12T04:02:44.343-07:00  INFO 17612 --- [restartedMain] backend.backend.BackendApplication       : Starting BackendApplication using Java 17.0.14 with PID 17612 (D:\Work Space\VS_CODE\SPRING BOOT\facebook\backend\target\classes started by mansh in D:\Work Space\VS_CODE\SPRING BOOT\facebook)
2025-05-12T04:02:44.354-07:00  INFO 17612 --- [restartedMain] backend.backend.BackendApplication       : No active profile set, falling back to 1 default profile: "default"
2025-05-12T04:02:44.521-07:00  INFO 17612 --- [restartedMain] .e.DevToolsPropertyDefaultsPostProcessor : Devtools property defaults active! Set 'spring.devtools.add-properties' to 'false' to disable
2025-05-12T04:02:44.523-07:00  INFO 17612 --- [restartedMain] .e.DevToolsPropertyDefaultsPostProcessor : For additional web related logging consider setting the 'logging.level.web' property to 'DEBUG'
2025-05-12T04:02:47.037-07:00  INFO 17612 --- [restartedMain] .s.d.r.c.RepositoryConfigurationDelegate : Bootstrapping Spring Data JPA repositories in DEFAULT mode.
2025-05-12T04:02:47.325-07:00  INFO 17612 --- [restartedMain] .s.d.r.c.RepositoryConfigurationDelegate : Finished Spring Data repository scanning in 263 ms. Found 13 JPA repository interfaces.
2025-05-12T04:02:48.920-07:00  INFO 17612 --- [restartedMain] b.backend.config.ServerPortConfig        : Configuring server to use port: 8080
2025-05-12T04:02:49.398-07:00  INFO 17612 --- [restartedMain] o.s.b.w.embedded.tomcat.TomcatWebServer  : Tomcat initialized with port 8080 (http)
2025-05-12T04:02:49.437-07:00  INFO 17612 --- [restartedMain] o.apache.catalina.core.StandardService   : Starting service [Tomcat]
2025-05-12T04:02:49.439-07:00  INFO 17612 --- [restartedMain] o.apache.catalina.core.StandardEngine    : Starting Servlet engine: [Apache Tomcat/10.1.36]
2025-05-12T04:02:49.574-07:00  INFO 17612 --- [restartedMain] o.a.c.c.C.[Tomcat].[localhost].[/]       : Initializing Spring embedded WebApplicationContext
2025-05-12T04:02:49.575-07:00  INFO 17612 --- [restartedMain] w.s.c.ServletWebServerApplicationContext : Root WebApplicationContext: initialization completed in 5050 ms
2025-05-12T04:02:50.058-07:00  INFO 17612 --- [restartedMain] o.hibernate.jpa.internal.util.LogHelper  : HHH000204: Processing PersistenceUnitInfo [name: default]
2025-05-12T04:02:50.223-07:00  INFO 17612 --- [restartedMain] org.hibernate.Version                    : HHH000412: Hibernate ORM core version 6.6.8.Final
2025-05-12T04:02:50.315-07:00  INFO 17612 --- [restartedMain] o.h.c.internal.RegionFactoryInitiator    : HHH000026: Second-level cache disabled
2025-05-12T04:02:51.048-07:00  INFO 17612 --- [restartedMain] o.s.o.j.p.SpringPersistenceUnitInfo      : No LoadTimeWeaver setup: ignoring JPA class transformer
2025-05-12T04:02:51.125-07:00  INFO 17612 --- [restartedMain] com.zaxxer.hikari.HikariDataSource       : HikariPool-1 - Starting...
2025-05-12T04:02:51.465-07:00  INFO 17612 --- [restartedMain] com.zaxxer.hikari.pool.HikariPool        : HikariPool-1 - Added connection com.mysql.cj.jdbc.ConnectionImpl@6de4ce0a
2025-05-12T04:02:51.471-07:00  INFO 17612 --- [restartedMain] com.zaxxer.hikari.HikariDataSource       : HikariPool-1 - Start completed.
2025-05-12T04:02:51.567-07:00  WARN 17612 --- [restartedMain] org.hibernate.dialect.Dialect            : HHH000511: The 5.5.5 version for [org.hibernate.dialect.MySQLDialect] is no longer supported, hence certain features may not work properly. The minimum supported version is 8.0.0. Check the community dialects project for available legacy versions.
2025-05-12T04:02:51.578-07:00  WARN 17612 --- [restartedMain] org.hibernate.orm.deprecation            : HHH90000025: MySQLDialect does not need to be specified explicitly using 'hibernate.dialect' (remove the property setting and it will be selected by default)
2025-05-12T04:02:51.638-07:00  INFO 17612 --- [restartedMain] org.hibernate.orm.connections.pooling    : HHH10001005: Database info:
	Database JDBC URL [Connecting through datasource 'HikariDataSource (HikariPool-1)']
	Database driver: undefined/unknown
	Database version: 5.5.5
	Autocommit mode: undefined/unknown
	Isolation level: undefined/unknown
	Minimum pool size: undefined/unknown
	Maximum pool size: undefined/unknown
2025-05-12T04:02:55.089-07:00  INFO 17612 --- [restartedMain] o.h.e.t.j.p.i.JtaPlatformInitiator       : HHH000489: No JTA platform available (set 'hibernate.transaction.jta.platform' to enable JTA platform integration)
2025-05-12T04:02:55.606-07:00  INFO 17612 --- [restartedMain] j.LocalContainerEntityManagerFactoryBean : Initialized JPA EntityManagerFactory for persistence unit 'default'
2025-05-12T04:02:56.197-07:00  INFO 17612 --- [restartedMain] o.s.d.j.r.query.QueryEnhancerFactory     : Hibernate is in classpath; If applicable, HQL parser will be used.
2025-05-12T04:03:06.736-07:00  WARN 17612 --- [restartedMain] JpaBaseConfiguration$JpaWebConfiguration : spring.jpa.open-in-view is enabled by default. Therefore, database queries may be performed during view rendering. Explicitly configure spring.jpa.open-in-view to disable this warning
2025-05-12T04:03:06.785-07:00  WARN 17612 --- [restartedMain] .s.s.UserDetailsServiceAutoConfiguration : 

Using generated security password: c973b835-c94d-451a-8c17-593bb466519c

This generated password is for development use only. Your security configuration must be updated before running your application in production.

2025-05-12T04:03:06.824-07:00  INFO 17612 --- [restartedMain] r$InitializeUserDetailsManagerConfigurer : Global AuthenticationManager configured with UserDetailsService bean with name inMemoryUserDetailsManager
2025-05-12T04:03:08.303-07:00  INFO 17612 --- [restartedMain] o.s.b.d.a.OptionalLiveReloadServer       : LiveReload server is running on port 35729
2025-05-12T04:03:08.350-07:00  INFO 17612 --- [restartedMain] o.s.m.s.b.SimpleBrokerMessageHandler     : Starting...
2025-05-12T04:03:08.353-07:00  INFO 17612 --- [restartedMain] o.s.m.s.b.SimpleBrokerMessageHandler     : BrokerAvailabilityEvent[available=true, SimpleBrokerMessageHandler [org.springframework.messaging.simp.broker.DefaultSubscriptionRegistry@70de6b14]]
2025-05-12T04:03:08.356-07:00  INFO 17612 --- [restartedMain] o.s.m.s.b.SimpleBrokerMessageHandler     : Started.
2025-05-12T04:03:08.418-07:00  INFO 17612 --- [restartedMain] o.s.b.w.embedded.tomcat.TomcatWebServer  : Tomcat started on port 8080 (http) with context path '/'
2025-05-12T04:03:08.442-07:00  INFO 17612 --- [restartedMain] backend.backend.BackendApplication       : Started BackendApplication in 25.611 seconds (process running for 26.733)
2025-05-12T04:04:08.356-07:00  INFO 17612 --- [MessageBroker-1] o.s.w.s.c.WebSocketMessageBrokerStats    : WebSocketSession[0 current WS(0)-HttpStream(0)-HttpPoll(0), 0 total, 0 closed abnormally (0 connect failure, 0 send limit, 0 transport error)], stompSubProtocol[processed CONNECT(0)-CONNECTED(0)-DISCONNECT(0)], stompBrokerRelay[null], inboundChannel[pool size = 0, active threads = 0, queued tasks = 0, completed tasks = 0], outboundChannel[pool size = 0, active threads = 0, queued tasks = 0, completed tasks = 0], sockJsScheduler[pool size = 1, active threads = 1, queued tasks = 0, completed tasks = 0]
2025-05-12T04:07:30.479-07:00  INFO 17612 --- [http-nio-8080-exec-5] o.a.c.c.C.[Tomcat].[localhost].[/]       : Initializing Spring DispatcherServlet 'dispatcherServlet'
2025-05-12T04:07:30.482-07:00  INFO 17612 --- [http-nio-8080-exec-5] o.s.web.servlet.DispatcherServlet        : Initializing Servlet 'dispatcherServlet'
2025-05-12T04:07:30.509-07:00  INFO 17612 --- [http-nio-8080-exec-5] o.s.web.servlet.DispatcherServlet        : Completed initialization in 26 ms
2025-05-12T04:07:31.298-07:00  WARN 17612 --- [http-nio-8080-exec-1] o.s.web.servlet.PageNotFound             : No mapping for GET /avatar2.png
2025-05-12T04:07:31.319-07:00  WARN 17612 --- [http-nio-8080-exec-1] o.s.web.servlet.PageNotFound             : No endpoint GET /avatar2.png.
2025-05-12T04:07:35.463-07:00  WARN 17612 --- [http-nio-8080-exec-3] ration$PageModule$WarningLoggingModifier : Serializing PageImpl instances as-is is not supported, meaning that there is no guarantee about the stability of the resulting JSON structure!
	For a stable JSON structure, please use Spring Data's PagedModel (globally via @EnableSpringDataWebSupport(pageSerializationMode = VIA_DTO))
	or Spring HATEOAS and Spring Data's PagedResourcesAssembler as documented in https://docs.spring.io/spring-data/commons/reference/repositories/core-extensions.html#core.web.pageables.

2025-05-12T04:07:35.587-07:00  WARN 17612 --- [http-nio-8080-exec-1] o.s.web.servlet.PageNotFound             : No mapping for GET /avatar2.png
2025-05-12T04:07:35.597-07:00  WARN 17612 --- [http-nio-8080-exec-1] o.s.web.servlet.PageNotFound             : No endpoint GET /avatar2.png.
2025-05-12T04:08:08.219-07:00  INFO 17612 --- [File Watcher] rtingClassPathChangeChangedEventListener : Restarting due to 1 class path change (0 additions, 0 deletions, 1 modification)
2025-05-12T04:08:08.241-07:00  INFO 17612 --- [Thread-5] o.s.b.w.e.tomcat.GracefulShutdown        : Commencing graceful shutdown. Waiting for active requests to complete
2025-05-12T04:08:08.407-07:00  INFO 17612 --- [tomcat-shutdown] o.s.b.w.e.tomcat.GracefulShutdown        : Graceful shutdown complete
2025-05-12T04:08:08.419-07:00  INFO 17612 --- [Thread-5] o.s.m.s.b.SimpleBrokerMessageHandler     : Stopping...
2025-05-12T04:08:08.420-07:00  INFO 17612 --- [Thread-5] o.s.m.s.b.SimpleBrokerMessageHandler     : BrokerAvailabilityEvent[available=false, SimpleBrokerMessageHandler [org.springframework.messaging.simp.broker.DefaultSubscriptionRegistry@70de6b14]]
2025-05-12T04:08:08.422-07:00  INFO 17612 --- [Thread-5] o.s.m.s.b.SimpleBrokerMessageHandler     : Stopped.
2025-05-12T04:08:08.446-07:00  INFO 17612 --- [Thread-5] j.LocalContainerEntityManagerFactoryBean : Closing JPA EntityManagerFactory for persistence unit 'default'
2025-05-12T04:08:08.477-07:00  INFO 17612 --- [Thread-5] com.zaxxer.hikari.HikariDataSource       : HikariPool-1 - Shutdown initiated...
2025-05-12T04:08:08.511-07:00  INFO 17612 --- [Thread-5] com.zaxxer.hikari.HikariDataSource       : HikariPool-1 - Shutdown completed.
2025-05-12T04:08:08.986-07:00  INFO 17612 --- [restartedMain] backend.backend.BackendApplication       : Starting BackendApplication using Java 17.0.14 with PID 17612 (D:\Work Space\VS_CODE\SPRING BOOT\facebook\backend\target\classes started by mansh in D:\Work Space\VS_CODE\SPRING BOOT\facebook)
2025-05-12T04:08:08.988-07:00  INFO 17612 --- [restartedMain] backend.backend.BackendApplication       : No active profile set, falling back to 1 default profile: "default"
2025-05-12T04:08:10.114-07:00  INFO 17612 --- [restartedMain] .s.d.r.c.RepositoryConfigurationDelegate : Bootstrapping Spring Data JPA repositories in DEFAULT mode.
2025-05-12T04:08:10.247-07:00  INFO 17612 --- [restartedMain] .s.d.r.c.RepositoryConfigurationDelegate : Finished Spring Data repository scanning in 129 ms. Found 13 JPA repository interfaces.
2025-05-12T04:08:10.905-07:00  INFO 17612 --- [restartedMain] b.backend.config.ServerPortConfig        : Configuring server to use port: 8080
2025-05-12T04:08:11.042-07:00  INFO 17612 --- [restartedMain] o.s.b.w.embedded.tomcat.TomcatWebServer  : Tomcat initialized with port 8080 (http)
2025-05-12T04:08:11.045-07:00  INFO 17612 --- [restartedMain] o.apache.catalina.core.StandardService   : Starting service [Tomcat]
2025-05-12T04:08:11.047-07:00  INFO 17612 --- [restartedMain] o.apache.catalina.core.StandardEngine    : Starting Servlet engine: [Apache Tomcat/10.1.36]
2025-05-12T04:08:11.125-07:00  INFO 17612 --- [restartedMain] o.a.c.c.C.[Tomcat].[localhost].[/]       : Initializing Spring embedded WebApplicationContext
2025-05-12T04:08:11.127-07:00  INFO 17612 --- [restartedMain] w.s.c.ServletWebServerApplicationContext : Root WebApplicationContext: initialization completed in 2131 ms
2025-05-12T04:08:11.291-07:00  INFO 17612 --- [restartedMain] o.hibernate.jpa.internal.util.LogHelper  : HHH000204: Processing PersistenceUnitInfo [name: default]
2025-05-12T04:08:11.300-07:00  INFO 17612 --- [restartedMain] o.h.c.internal.RegionFactoryInitiator    : HHH000026: Second-level cache disabled
2025-05-12T04:08:11.343-07:00  INFO 17612 --- [restartedMain] o.s.o.j.p.SpringPersistenceUnitInfo      : No LoadTimeWeaver setup: ignoring JPA class transformer
2025-05-12T04:08:11.346-07:00  INFO 17612 --- [restartedMain] com.zaxxer.hikari.HikariDataSource       : HikariPool-2 - Starting...
2025-05-12T04:08:11.367-07:00  INFO 17612 --- [restartedMain] com.zaxxer.hikari.pool.HikariPool        : HikariPool-2 - Added connection com.mysql.cj.jdbc.ConnectionImpl@4f6b656
2025-05-12T04:08:11.368-07:00  INFO 17612 --- [restartedMain] com.zaxxer.hikari.HikariDataSource       : HikariPool-2 - Start completed.
2025-05-12T04:08:11.373-07:00  WARN 17612 --- [restartedMain] org.hibernate.dialect.Dialect            : HHH000511: The 5.5.5 version for [org.hibernate.dialect.MySQLDialect] is no longer supported, hence certain features may not work properly. The minimum supported version is 8.0.0. Check the community dialects project for available legacy versions.
2025-05-12T04:08:11.376-07:00  WARN 17612 --- [restartedMain] org.hibernate.orm.deprecation            : HHH90000025: MySQLDialect does not need to be specified explicitly using 'hibernate.dialect' (remove the property setting and it will be selected by default)
2025-05-12T04:08:11.378-07:00  INFO 17612 --- [restartedMain] org.hibernate.orm.connections.pooling    : HHH10001005: Database info:
	Database JDBC URL [Connecting through datasource 'HikariDataSource (HikariPool-2)']
	Database driver: undefined/unknown
	Database version: 5.5.5
	Autocommit mode: undefined/unknown
	Isolation level: undefined/unknown
	Minimum pool size: undefined/unknown
	Maximum pool size: undefined/unknown
2025-05-12T04:08:11.801-07:00  INFO 17612 --- [restartedMain] o.h.e.t.j.p.i.JtaPlatformInitiator       : HHH000489: No JTA platform available (set 'hibernate.transaction.jta.platform' to enable JTA platform integration)
2025-05-12T04:08:12.022-07:00  INFO 17612 --- [restartedMain] j.LocalContainerEntityManagerFactoryBean : Initialized JPA EntityManagerFactory for persistence unit 'default'
2025-05-12T04:08:12.715-07:00  WARN 17612 --- [restartedMain] JpaBaseConfiguration$JpaWebConfiguration : spring.jpa.open-in-view is enabled by default. Therefore, database queries may be performed during view rendering. Explicitly configure spring.jpa.open-in-view to disable this warning
2025-05-12T04:08:12.724-07:00  WARN 17612 --- [restartedMain] .s.s.UserDetailsServiceAutoConfiguration : 

Using generated security password: 3b60caf4-e171-414d-994c-9a6ca523e97d

This generated password is for development use only. Your security configuration must be updated before running your application in production.

2025-05-12T04:08:12.729-07:00  INFO 17612 --- [restartedMain] r$InitializeUserDetailsManagerConfigurer : Global AuthenticationManager configured with UserDetailsService bean with name inMemoryUserDetailsManager
2025-05-12T04:08:12.945-07:00  INFO 17612 --- [restartedMain] o.s.b.d.a.OptionalLiveReloadServer       : LiveReload server is running on port 35729
2025-05-12T04:08:12.957-07:00  INFO 17612 --- [restartedMain] o.s.m.s.b.SimpleBrokerMessageHandler     : Starting...
2025-05-12T04:08:12.959-07:00  INFO 17612 --- [restartedMain] o.s.m.s.b.SimpleBrokerMessageHandler     : BrokerAvailabilityEvent[available=true, SimpleBrokerMessageHandler [org.springframework.messaging.simp.broker.DefaultSubscriptionRegistry@1bfef17d]]
2025-05-12T04:08:12.962-07:00  INFO 17612 --- [restartedMain] o.s.m.s.b.SimpleBrokerMessageHandler     : Started.
2025-05-12T04:08:12.971-07:00  INFO 17612 --- [restartedMain] o.s.b.w.embedded.tomcat.TomcatWebServer  : Tomcat started on port 8080 (http) with context path '/'
2025-05-12T04:08:12.980-07:00  INFO 17612 --- [restartedMain] backend.backend.BackendApplication       : Started BackendApplication in 4.083 seconds (process running for 331.271)
2025-05-12T04:08:12.993-07:00  INFO 17612 --- [restartedMain] .ConditionEvaluationDeltaLoggingListener : Condition evaluation unchanged
2025-05-12T04:08:34.349-07:00  INFO 17612 --- [http-nio-8080-exec-1] o.a.c.c.C.[Tomcat].[localhost].[/]       : Initializing Spring DispatcherServlet 'dispatcherServlet'
2025-05-12T04:08:34.355-07:00  INFO 17612 --- [http-nio-8080-exec-1] o.s.web.servlet.DispatcherServlet        : Initializing Servlet 'dispatcherServlet'
2025-05-12T04:08:34.368-07:00  INFO 17612 --- [http-nio-8080-exec-1] o.s.web.servlet.DispatcherServlet        : Completed initialization in 8 ms
2025-05-12T04:08:34.486-07:00  WARN 17612 --- [http-nio-8080-exec-1] ration$PageModule$WarningLoggingModifier : Serializing PageImpl instances as-is is not supported, meaning that there is no guarantee about the stability of the resulting JSON structure!
	For a stable JSON structure, please use Spring Data's PagedModel (globally via @EnableSpringDataWebSupport(pageSerializationMode = VIA_DTO))
	or Spring HATEOAS and Spring Data's PagedResourcesAssembler as documented in https://docs.spring.io/spring-data/commons/reference/repositories/core-extensions.html#core.web.pageables.

2025-05-12T04:08:34.588-07:00  WARN 17612 --- [http-nio-8080-exec-3] o.s.web.servlet.PageNotFound             : No mapping for GET /avatar2.png
2025-05-12T04:08:34.595-07:00  WARN 17612 --- [http-nio-8080-exec-3] o.s.web.servlet.PageNotFound             : No endpoint GET /avatar2.png.
2025-05-12T04:09:12.957-07:00  INFO 17612 --- [MessageBroker-1] o.s.w.s.c.WebSocketMessageBrokerStats    : WebSocketSession[0 current WS(0)-HttpStream(0)-HttpPoll(0), 0 total, 0 closed abnormally (0 connect failure, 0 send limit, 0 transport error)], stompSubProtocol[processed CONNECT(0)-CONNECTED(0)-DISCONNECT(0)], stompBrokerRelay[null], inboundChannel[pool size = 0, active threads = 0, queued tasks = 0, completed tasks = 0], outboundChannel[pool size = 0, active threads = 0, queued tasks = 0, completed tasks = 0], sockJsScheduler[pool size = 1, active threads = 1, queued tasks = 0, completed tasks = 0]
2025-05-12T04:19:20.359-07:00  INFO 17612 --- [File Watcher] rtingClassPathChangeChangedEventListener : Restarting due to 1 class path change (0 additions, 0 deletions, 1 modification)
2025-05-12T04:19:20.636-07:00  INFO 17612 --- [Thread-8] o.s.b.w.e.tomcat.GracefulShutdown        : Commencing graceful shutdown. Waiting for active requests to complete
2025-05-12T04:19:20.874-07:00  INFO 17612 --- [tomcat-shutdown] o.s.b.w.e.tomcat.GracefulShutdown        : Graceful shutdown complete
2025-05-12T04:19:20.923-07:00  INFO 17612 --- [Thread-8] o.s.m.s.b.SimpleBrokerMessageHandler     : Stopping...
2025-05-12T04:19:20.926-07:00  INFO 17612 --- [Thread-8] o.s.m.s.b.SimpleBrokerMessageHandler     : BrokerAvailabilityEvent[available=false, SimpleBrokerMessageHandler [org.springframework.messaging.simp.broker.DefaultSubscriptionRegistry@1bfef17d]]
2025-05-12T04:19:20.927-07:00  INFO 17612 --- [Thread-8] o.s.m.s.b.SimpleBrokerMessageHandler     : Stopped.
2025-05-12T04:19:20.974-07:00  INFO 17612 --- [Thread-8] j.LocalContainerEntityManagerFactoryBean : Closing JPA EntityManagerFactory for persistence unit 'default'
2025-05-12T04:19:21.067-07:00  INFO 17612 --- [Thread-8] com.zaxxer.hikari.HikariDataSource       : HikariPool-2 - Shutdown initiated...
2025-05-12T04:19:21.128-07:00  INFO 17612 --- [Thread-8] com.zaxxer.hikari.HikariDataSource       : HikariPool-2 - Shutdown completed.
2025-05-12T04:19:22.634-07:00  INFO 17612 --- [restartedMain] backend.backend.BackendApplication       : Starting BackendApplication using Java 17.0.14 with PID 17612 (D:\Work Space\VS_CODE\SPRING BOOT\facebook\backend\target\classes started by mansh in D:\Work Space\VS_CODE\SPRING BOOT\facebook)
2025-05-12T04:19:22.636-07:00  INFO 17612 --- [restartedMain] backend.backend.BackendApplication       : No active profile set, falling back to 1 default profile: "default"
2025-05-12T04:19:23.578-07:00  INFO 17612 --- [restartedMain] .s.d.r.c.RepositoryConfigurationDelegate : Bootstrapping Spring Data JPA repositories in DEFAULT mode.
2025-05-12T04:19:23.681-07:00  INFO 17612 --- [restartedMain] .s.d.r.c.RepositoryConfigurationDelegate : Finished Spring Data repository scanning in 99 ms. Found 13 JPA repository interfaces.
2025-05-12T04:19:23.952-07:00  INFO 17612 --- [restartedMain] b.backend.config.ServerPortConfig        : Configuring server to use port: 8080
2025-05-12T04:19:24.019-07:00  INFO 17612 --- [restartedMain] o.s.b.w.embedded.tomcat.TomcatWebServer  : Tomcat initialized with port 8080 (http)
2025-05-12T04:19:24.023-07:00  INFO 17612 --- [restartedMain] o.apache.catalina.core.StandardService   : Starting service [Tomcat]
2025-05-12T04:19:24.025-07:00  INFO 17612 --- [restartedMain] o.apache.catalina.core.StandardEngine    : Starting Servlet engine: [Apache Tomcat/10.1.36]
2025-05-12T04:19:24.122-07:00  INFO 17612 --- [restartedMain] o.a.c.c.C.[Tomcat].[localhost].[/]       : Initializing Spring embedded WebApplicationContext
2025-05-12T04:19:24.124-07:00  INFO 17612 --- [restartedMain] w.s.c.ServletWebServerApplicationContext : Root WebApplicationContext: initialization completed in 1482 ms
2025-05-12T04:19:24.355-07:00  INFO 17612 --- [restartedMain] o.hibernate.jpa.internal.util.LogHelper  : HHH000204: Processing PersistenceUnitInfo [name: default]
2025-05-12T04:19:24.375-07:00  INFO 17612 --- [restartedMain] o.h.c.internal.RegionFactoryInitiator    : HHH000026: Second-level cache disabled
2025-05-12T04:19:24.426-07:00  INFO 17612 --- [restartedMain] o.s.o.j.p.SpringPersistenceUnitInfo      : No LoadTimeWeaver setup: ignoring JPA class transformer
2025-05-12T04:19:24.433-07:00  INFO 17612 --- [restartedMain] com.zaxxer.hikari.HikariDataSource       : HikariPool-3 - Starting...
2025-05-12T04:19:24.466-07:00  INFO 17612 --- [restartedMain] com.zaxxer.hikari.pool.HikariPool        : HikariPool-3 - Added connection com.mysql.cj.jdbc.ConnectionImpl@7cb6e1ba
2025-05-12T04:19:24.468-07:00  INFO 17612 --- [restartedMain] com.zaxxer.hikari.HikariDataSource       : HikariPool-3 - Start completed.
2025-05-12T04:19:24.474-07:00  WARN 17612 --- [restartedMain] org.hibernate.dialect.Dialect            : HHH000511: The 5.5.5 version for [org.hibernate.dialect.MySQLDialect] is no longer supported, hence certain features may not work properly. The minimum supported version is 8.0.0. Check the community dialects project for available legacy versions.
2025-05-12T04:19:24.478-07:00  WARN 17612 --- [restartedMain] org.hibernate.orm.deprecation            : HHH90000025: MySQLDialect does not need to be specified explicitly using 'hibernate.dialect' (remove the property setting and it will be selected by default)
2025-05-12T04:19:24.480-07:00  INFO 17612 --- [restartedMain] org.hibernate.orm.connections.pooling    : HHH10001005: Database info:
	Database JDBC URL [Connecting through datasource 'HikariDataSource (HikariPool-3)']
	Database driver: undefined/unknown
	Database version: 5.5.5
	Autocommit mode: undefined/unknown
	Isolation level: undefined/unknown
	Minimum pool size: undefined/unknown
	Maximum pool size: undefined/unknown
2025-05-12T04:19:25.092-07:00  INFO 17612 --- [restartedMain] o.h.e.t.j.p.i.JtaPlatformInitiator       : HHH000489: No JTA platform available (set 'hibernate.transaction.jta.platform' to enable JTA platform integration)
2025-05-12T04:19:25.426-07:00  INFO 17612 --- [restartedMain] j.LocalContainerEntityManagerFactoryBean : Initialized JPA EntityManagerFactory for persistence unit 'default'
2025-05-12T04:19:26.293-07:00  WARN 17612 --- [restartedMain] JpaBaseConfiguration$JpaWebConfiguration : spring.jpa.open-in-view is enabled by default. Therefore, database queries may be performed during view rendering. Explicitly configure spring.jpa.open-in-view to disable this warning
2025-05-12T04:19:26.316-07:00  WARN 17612 --- [restartedMain] .s.s.UserDetailsServiceAutoConfiguration : 

Using generated security password: 4c2a70f1-293a-4efb-a21a-f41588adecf8

This generated password is for development use only. Your security configuration must be updated before running your application in production.

2025-05-12T04:19:26.322-07:00  INFO 17612 --- [restartedMain] r$InitializeUserDetailsManagerConfigurer : Global AuthenticationManager configured with UserDetailsService bean with name inMemoryUserDetailsManager
2025-05-12T04:19:26.623-07:00  INFO 17612 --- [restartedMain] o.s.b.d.a.OptionalLiveReloadServer       : LiveReload server is running on port 35729
2025-05-12T04:19:26.636-07:00  INFO 17612 --- [restartedMain] o.s.m.s.b.SimpleBrokerMessageHandler     : Starting...
2025-05-12T04:19:26.637-07:00  INFO 17612 --- [restartedMain] o.s.m.s.b.SimpleBrokerMessageHandler     : BrokerAvailabilityEvent[available=true, SimpleBrokerMessageHandler [org.springframework.messaging.simp.broker.DefaultSubscriptionRegistry@39ab3238]]
2025-05-12T04:19:26.639-07:00  INFO 17612 --- [restartedMain] o.s.m.s.b.SimpleBrokerMessageHandler     : Started.
2025-05-12T04:19:26.653-07:00  INFO 17612 --- [restartedMain] o.s.b.w.embedded.tomcat.TomcatWebServer  : Tomcat started on port 8080 (http) with context path '/'
2025-05-12T04:19:26.661-07:00  INFO 17612 --- [restartedMain] backend.backend.BackendApplication       : Started BackendApplication in 4.121 seconds (process running for 1004.951)
2025-05-12T04:19:26.684-07:00  INFO 17612 --- [restartedMain] .ConditionEvaluationDeltaLoggingListener : Condition evaluation unchanged
2025-05-12T04:20:26.636-07:00  INFO 17612 --- [MessageBroker-1] o.s.w.s.c.WebSocketMessageBrokerStats    : WebSocketSession[0 current WS(0)-HttpStream(0)-HttpPoll(0), 0 total, 0 closed abnormally (0 connect failure, 0 send limit, 0 transport error)], stompSubProtocol[processed CONNECT(0)-CONNECTED(0)-DISCONNECT(0)], stompBrokerRelay[null], inboundChannel[pool size = 0, active threads = 0, queued tasks = 0, completed tasks = 0], outboundChannel[pool size = 0, active threads = 0, queued tasks = 0, completed tasks = 0], sockJsScheduler[pool size = 1, active threads = 1, queued tasks = 0, completed tasks = 0]
2025-05-12T04:22:28.685-07:00  INFO 17612 --- [File Watcher] rtingClassPathChangeChangedEventListener : Restarting due to 1 class path change (0 additions, 0 deletions, 1 modification)
2025-05-12T04:22:28.862-07:00  INFO 17612 --- [Thread-12] o.s.b.w.e.tomcat.GracefulShutdown        : Commencing graceful shutdown. Waiting for active requests to complete
2025-05-12T04:22:29.516-07:00  INFO 17612 --- [tomcat-shutdown] o.s.b.w.e.tomcat.GracefulShutdown        : Graceful shutdown complete
2025-05-12T04:22:29.556-07:00  INFO 17612 --- [Thread-12] o.s.m.s.b.SimpleBrokerMessageHandler     : Stopping...
2025-05-12T04:22:29.563-07:00  INFO 17612 --- [Thread-12] o.s.m.s.b.SimpleBrokerMessageHandler     : BrokerAvailabilityEvent[available=false, SimpleBrokerMessageHandler [org.springframework.messaging.simp.broker.DefaultSubscriptionRegistry@39ab3238]]
2025-05-12T04:22:29.572-07:00  INFO 17612 --- [Thread-12] o.s.m.s.b.SimpleBrokerMessageHandler     : Stopped.
2025-05-12T04:22:29.624-07:00  INFO 17612 --- [Thread-12] j.LocalContainerEntityManagerFactoryBean : Closing JPA EntityManagerFactory for persistence unit 'default'
2025-05-12T04:22:29.745-07:00  INFO 17612 --- [Thread-12] com.zaxxer.hikari.HikariDataSource       : HikariPool-3 - Shutdown initiated...
2025-05-12T04:22:29.839-07:00  INFO 17612 --- [Thread-12] com.zaxxer.hikari.HikariDataSource       : HikariPool-3 - Shutdown completed.
2025-05-12T04:22:31.619-07:00  INFO 17612 --- [restartedMain] backend.backend.BackendApplication       : Starting BackendApplication using Java 17.0.14 with PID 17612 (D:\Work Space\VS_CODE\SPRING BOOT\facebook\backend\target\classes started by mansh in D:\Work Space\VS_CODE\SPRING BOOT\facebook)
2025-05-12T04:22:31.621-07:00  INFO 17612 --- [restartedMain] backend.backend.BackendApplication       : No active profile set, falling back to 1 default profile: "default"
2025-05-12T04:22:32.982-07:00  INFO 17612 --- [restartedMain] .s.d.r.c.RepositoryConfigurationDelegate : Bootstrapping Spring Data JPA repositories in DEFAULT mode.
2025-05-12T04:22:33.161-07:00  INFO 17612 --- [restartedMain] .s.d.r.c.RepositoryConfigurationDelegate : Finished Spring Data repository scanning in 174 ms. Found 13 JPA repository interfaces.
2025-05-12T04:22:33.956-07:00  INFO 17612 --- [restartedMain] b.backend.config.ServerPortConfig        : Configuring server to use port: 8080
2025-05-12T04:22:34.044-07:00  INFO 17612 --- [restartedMain] o.s.b.w.embedded.tomcat.TomcatWebServer  : Tomcat initialized with port 8080 (http)
2025-05-12T04:22:34.047-07:00  INFO 17612 --- [restartedMain] o.apache.catalina.core.StandardService   : Starting service [Tomcat]
2025-05-12T04:22:34.049-07:00  INFO 17612 --- [restartedMain] o.apache.catalina.core.StandardEngine    : Starting Servlet engine: [Apache Tomcat/10.1.36]
2025-05-12T04:22:34.137-07:00  INFO 17612 --- [restartedMain] o.a.c.c.C.[Tomcat].[localhost].[/]       : Initializing Spring embedded WebApplicationContext
2025-05-12T04:22:34.139-07:00  INFO 17612 --- [restartedMain] w.s.c.ServletWebServerApplicationContext : Root WebApplicationContext: initialization completed in 2509 ms
2025-05-12T04:22:34.319-07:00  INFO 17612 --- [restartedMain] o.hibernate.jpa.internal.util.LogHelper  : HHH000204: Processing PersistenceUnitInfo [name: default]
2025-05-12T04:22:34.334-07:00  INFO 17612 --- [restartedMain] o.h.c.internal.RegionFactoryInitiator    : HHH000026: Second-level cache disabled
2025-05-12T04:22:34.417-07:00  INFO 17612 --- [restartedMain] o.s.o.j.p.SpringPersistenceUnitInfo      : No LoadTimeWeaver setup: ignoring JPA class transformer
2025-05-12T04:22:34.423-07:00  INFO 17612 --- [restartedMain] com.zaxxer.hikari.HikariDataSource       : HikariPool-4 - Starting...
2025-05-12T04:22:34.475-07:00  INFO 17612 --- [restartedMain] com.zaxxer.hikari.pool.HikariPool        : HikariPool-4 - Added connection com.mysql.cj.jdbc.ConnectionImpl@109af22
2025-05-12T04:22:34.479-07:00  INFO 17612 --- [restartedMain] com.zaxxer.hikari.HikariDataSource       : HikariPool-4 - Start completed.
2025-05-12T04:22:34.483-07:00  WARN 17612 --- [restartedMain] org.hibernate.dialect.Dialect            : HHH000511: The 5.5.5 version for [org.hibernate.dialect.MySQLDialect] is no longer supported, hence certain features may not work properly. The minimum supported version is 8.0.0. Check the community dialects project for available legacy versions.
2025-05-12T04:22:34.488-07:00  WARN 17612 --- [restartedMain] org.hibernate.orm.deprecation            : HHH90000025: MySQLDialect does not need to be specified explicitly using 'hibernate.dialect' (remove the property setting and it will be selected by default)
2025-05-12T04:22:34.490-07:00  INFO 17612 --- [restartedMain] org.hibernate.orm.connections.pooling    : HHH10001005: Database info:
	Database JDBC URL [Connecting through datasource 'HikariDataSource (HikariPool-4)']
	Database driver: undefined/unknown
	Database version: 5.5.5
	Autocommit mode: undefined/unknown
	Isolation level: undefined/unknown
	Minimum pool size: undefined/unknown
	Maximum pool size: undefined/unknown
2025-05-12T04:22:36.001-07:00  INFO 17612 --- [restartedMain] o.h.e.t.j.p.i.JtaPlatformInitiator       : HHH000489: No JTA platform available (set 'hibernate.transaction.jta.platform' to enable JTA platform integration)
2025-05-12T04:22:36.429-07:00  INFO 17612 --- [restartedMain] j.LocalContainerEntityManagerFactoryBean : Initialized JPA EntityManagerFactory for persistence unit 'default'
2025-05-12T04:22:37.483-07:00  WARN 17612 --- [restartedMain] JpaBaseConfiguration$JpaWebConfiguration : spring.jpa.open-in-view is enabled by default. Therefore, database queries may be performed during view rendering. Explicitly configure spring.jpa.open-in-view to disable this warning
2025-05-12T04:22:37.495-07:00  WARN 17612 --- [restartedMain] .s.s.UserDetailsServiceAutoConfiguration : 

Using generated security password: 19b73e03-0dae-4b5e-9e69-2f703f222eee

This generated password is for development use only. Your security configuration must be updated before running your application in production.

2025-05-12T04:22:37.502-07:00  INFO 17612 --- [restartedMain] r$InitializeUserDetailsManagerConfigurer : Global AuthenticationManager configured with UserDetailsService bean with name inMemoryUserDetailsManager
2025-05-12T04:22:37.855-07:00  INFO 17612 --- [restartedMain] o.s.b.d.a.OptionalLiveReloadServer       : LiveReload server is running on port 35729
2025-05-12T04:22:37.869-07:00  INFO 17612 --- [restartedMain] o.s.m.s.b.SimpleBrokerMessageHandler     : Starting...
2025-05-12T04:22:37.870-07:00  INFO 17612 --- [restartedMain] o.s.m.s.b.SimpleBrokerMessageHandler     : BrokerAvailabilityEvent[available=true, SimpleBrokerMessageHandler [org.springframework.messaging.simp.broker.DefaultSubscriptionRegistry@2a4dea2]]
2025-05-12T04:22:37.871-07:00  INFO 17612 --- [restartedMain] o.s.m.s.b.SimpleBrokerMessageHandler     : Started.
2025-05-12T04:22:37.883-07:00  INFO 17612 --- [restartedMain] o.s.b.w.embedded.tomcat.TomcatWebServer  : Tomcat started on port 8080 (http) with context path '/'
2025-05-12T04:22:37.893-07:00  INFO 17612 --- [restartedMain] backend.backend.BackendApplication       : Started BackendApplication in 6.484 seconds (process running for 1196.183)
2025-05-12T04:22:37.909-07:00  INFO 17612 --- [restartedMain] .ConditionEvaluationDeltaLoggingListener : Condition evaluation unchanged
2025-05-12T04:23:13.301-07:00  INFO 17612 --- [File Watcher] rtingClassPathChangeChangedEventListener : Restarting due to 1 class path change (0 additions, 0 deletions, 1 modification)
2025-05-12T04:23:13.305-07:00  INFO 17612 --- [Thread-16] o.s.b.w.e.tomcat.GracefulShutdown        : Commencing graceful shutdown. Waiting for active requests to complete
2025-05-12T04:23:13.824-07:00  INFO 17612 --- [tomcat-shutdown] o.s.b.w.e.tomcat.GracefulShutdown        : Graceful shutdown complete
2025-05-12T04:23:13.830-07:00  INFO 17612 --- [Thread-16] o.s.m.s.b.SimpleBrokerMessageHandler     : Stopping...
2025-05-12T04:23:13.831-07:00  INFO 17612 --- [Thread-16] o.s.m.s.b.SimpleBrokerMessageHandler     : BrokerAvailabilityEvent[available=false, SimpleBrokerMessageHandler [org.springframework.messaging.simp.broker.DefaultSubscriptionRegistry@2a4dea2]]
2025-05-12T04:23:13.832-07:00  INFO 17612 --- [Thread-16] o.s.m.s.b.SimpleBrokerMessageHandler     : Stopped.
2025-05-12T04:23:13.837-07:00  INFO 17612 --- [Thread-16] j.LocalContainerEntityManagerFactoryBean : Closing JPA EntityManagerFactory for persistence unit 'default'
2025-05-12T04:23:13.840-07:00  INFO 17612 --- [Thread-16] com.zaxxer.hikari.HikariDataSource       : HikariPool-4 - Shutdown initiated...
2025-05-12T04:23:13.850-07:00  INFO 17612 --- [Thread-16] com.zaxxer.hikari.HikariDataSource       : HikariPool-4 - Shutdown completed.
2025-05-12T04:23:14.051-07:00  INFO 17612 --- [restartedMain] backend.backend.BackendApplication       : Starting BackendApplication using Java 17.0.14 with PID 17612 (D:\Work Space\VS_CODE\SPRING BOOT\facebook\backend\target\classes started by mansh in D:\Work Space\VS_CODE\SPRING BOOT\facebook)
2025-05-12T04:23:14.053-07:00  INFO 17612 --- [restartedMain] backend.backend.BackendApplication       : No active profile set, falling back to 1 default profile: "default"
2025-05-12T04:23:15.313-07:00  INFO 17612 --- [restartedMain] .s.d.r.c.RepositoryConfigurationDelegate : Bootstrapping Spring Data JPA repositories in DEFAULT mode.
2025-05-12T04:23:15.517-07:00  INFO 17612 --- [restartedMain] .s.d.r.c.RepositoryConfigurationDelegate : Finished Spring Data repository scanning in 198 ms. Found 13 JPA repository interfaces.
2025-05-12T04:23:15.759-07:00  INFO 17612 --- [restartedMain] b.backend.config.ServerPortConfig        : Configuring server to use port: 8080
2025-05-12T04:23:15.798-07:00  INFO 17612 --- [restartedMain] o.s.b.w.embedded.tomcat.TomcatWebServer  : Tomcat initialized with port 8080 (http)
2025-05-12T04:23:15.800-07:00  INFO 17612 --- [restartedMain] o.apache.catalina.core.StandardService   : Starting service [Tomcat]
2025-05-12T04:23:15.801-07:00  INFO 17612 --- [restartedMain] o.apache.catalina.core.StandardEngine    : Starting Servlet engine: [Apache Tomcat/10.1.36]
2025-05-12T04:23:15.849-07:00  INFO 17612 --- [restartedMain] o.a.c.c.C.[Tomcat].[localhost].[/]       : Initializing Spring embedded WebApplicationContext
2025-05-12T04:23:15.850-07:00  INFO 17612 --- [restartedMain] w.s.c.ServletWebServerApplicationContext : Root WebApplicationContext: initialization completed in 1788 ms
2025-05-12T04:23:15.938-07:00  INFO 17612 --- [restartedMain] o.hibernate.jpa.internal.util.LogHelper  : HHH000204: Processing PersistenceUnitInfo [name: default]
2025-05-12T04:23:15.948-07:00  INFO 17612 --- [restartedMain] o.h.c.internal.RegionFactoryInitiator    : HHH000026: Second-level cache disabled
2025-05-12T04:23:15.981-07:00  INFO 17612 --- [restartedMain] o.s.o.j.p.SpringPersistenceUnitInfo      : No LoadTimeWeaver setup: ignoring JPA class transformer
2025-05-12T04:23:15.983-07:00  INFO 17612 --- [restartedMain] com.zaxxer.hikari.HikariDataSource       : HikariPool-5 - Starting...
2025-05-12T04:23:15.996-07:00  INFO 17612 --- [restartedMain] com.zaxxer.hikari.pool.HikariPool        : HikariPool-5 - Added connection com.mysql.cj.jdbc.ConnectionImpl@1123655c
2025-05-12T04:23:15.997-07:00  INFO 17612 --- [restartedMain] com.zaxxer.hikari.HikariDataSource       : HikariPool-5 - Start completed.
2025-05-12T04:23:16.000-07:00  WARN 17612 --- [restartedMain] org.hibernate.dialect.Dialect            : HHH000511: The 5.5.5 version for [org.hibernate.dialect.MySQLDialect] is no longer supported, hence certain features may not work properly. The minimum supported version is 8.0.0. Check the community dialects project for available legacy versions.
2025-05-12T04:23:16.002-07:00  WARN 17612 --- [restartedMain] org.hibernate.orm.deprecation            : HHH90000025: MySQLDialect does not need to be specified explicitly using 'hibernate.dialect' (remove the property setting and it will be selected by default)
2025-05-12T04:23:16.003-07:00  INFO 17612 --- [restartedMain] org.hibernate.orm.connections.pooling    : HHH10001005: Database info:
	Database JDBC URL [Connecting through datasource 'HikariDataSource (HikariPool-5)']
	Database driver: undefined/unknown
	Database version: 5.5.5
	Autocommit mode: undefined/unknown
	Isolation level: undefined/unknown
	Minimum pool size: undefined/unknown
	Maximum pool size: undefined/unknown
2025-05-12T04:23:16.554-07:00  INFO 17612 --- [restartedMain] o.h.e.t.j.p.i.JtaPlatformInitiator       : HHH000489: No JTA platform available (set 'hibernate.transaction.jta.platform' to enable JTA platform integration)
2025-05-12T04:23:16.812-07:00  INFO 17612 --- [restartedMain] j.LocalContainerEntityManagerFactoryBean : Initialized JPA EntityManagerFactory for persistence unit 'default'
2025-05-12T04:23:17.518-07:00  WARN 17612 --- [restartedMain] JpaBaseConfiguration$JpaWebConfiguration : spring.jpa.open-in-view is enabled by default. Therefore, database queries may be performed during view rendering. Explicitly configure spring.jpa.open-in-view to disable this warning
2025-05-12T04:23:17.531-07:00  WARN 17612 --- [restartedMain] .s.s.UserDetailsServiceAutoConfiguration : 

Using generated security password: 46c4e3de-7880-45c8-ada6-e07524fa2994

This generated password is for development use only. Your security configuration must be updated before running your application in production.

2025-05-12T04:23:17.535-07:00  INFO 17612 --- [restartedMain] r$InitializeUserDetailsManagerConfigurer : Global AuthenticationManager configured with UserDetailsService bean with name inMemoryUserDetailsManager
2025-05-12T04:23:17.789-07:00  INFO 17612 --- [restartedMain] o.s.b.d.a.OptionalLiveReloadServer       : LiveReload server is running on port 35729
2025-05-12T04:23:17.805-07:00  INFO 17612 --- [restartedMain] o.s.m.s.b.SimpleBrokerMessageHandler     : Starting...
2025-05-12T04:23:17.806-07:00  INFO 17612 --- [restartedMain] o.s.m.s.b.SimpleBrokerMessageHandler     : BrokerAvailabilityEvent[available=true, SimpleBrokerMessageHandler [org.springframework.messaging.simp.broker.DefaultSubscriptionRegistry@1c902eba]]
2025-05-12T04:23:17.810-07:00  INFO 17612 --- [restartedMain] o.s.m.s.b.SimpleBrokerMessageHandler     : Started.
2025-05-12T04:23:17.822-07:00  INFO 17612 --- [restartedMain] o.s.b.w.embedded.tomcat.TomcatWebServer  : Tomcat started on port 8080 (http) with context path '/'
2025-05-12T04:23:17.836-07:00  INFO 17612 --- [restartedMain] backend.backend.BackendApplication       : Started BackendApplication in 3.857 seconds (process running for 1236.127)
2025-05-12T04:23:17.857-07:00  INFO 17612 --- [restartedMain] .ConditionEvaluationDeltaLoggingListener : Condition evaluation unchanged
2025-05-12T04:23:20.266-07:00  INFO 17612 --- [File Watcher] rtingClassPathChangeChangedEventListener : Restarting due to 1 class path change (0 additions, 0 deletions, 1 modification)
2025-05-12T04:23:20.268-07:00  INFO 17612 --- [Thread-20] o.s.b.w.e.tomcat.GracefulShutdown        : Commencing graceful shutdown. Waiting for active requests to complete
2025-05-12T04:23:20.731-07:00  INFO 17612 --- [tomcat-shutdown] o.s.b.w.e.tomcat.GracefulShutdown        : Graceful shutdown complete
2025-05-12T04:23:20.734-07:00  INFO 17612 --- [Thread-20] o.s.m.s.b.SimpleBrokerMessageHandler     : Stopping...
2025-05-12T04:23:20.735-07:00  INFO 17612 --- [Thread-20] o.s.m.s.b.SimpleBrokerMessageHandler     : BrokerAvailabilityEvent[available=false, SimpleBrokerMessageHandler [org.springframework.messaging.simp.broker.DefaultSubscriptionRegistry@1c902eba]]
2025-05-12T04:23:20.736-07:00  INFO 17612 --- [Thread-20] o.s.m.s.b.SimpleBrokerMessageHandler     : Stopped.
2025-05-12T04:23:20.738-07:00  INFO 17612 --- [Thread-20] j.LocalContainerEntityManagerFactoryBean : Closing JPA EntityManagerFactory for persistence unit 'default'
2025-05-12T04:23:20.739-07:00  INFO 17612 --- [Thread-20] com.zaxxer.hikari.HikariDataSource       : HikariPool-5 - Shutdown initiated...
2025-05-12T04:23:20.748-07:00  INFO 17612 --- [Thread-20] com.zaxxer.hikari.HikariDataSource       : HikariPool-5 - Shutdown completed.
2025-05-12T04:23:20.919-07:00  INFO 17612 --- [restartedMain] backend.backend.BackendApplication       : Starting BackendApplication using Java 17.0.14 with PID 17612 (D:\Work Space\VS_CODE\SPRING BOOT\facebook\backend\target\classes started by mansh in D:\Work Space\VS_CODE\SPRING BOOT\facebook)
2025-05-12T04:23:20.921-07:00  INFO 17612 --- [restartedMain] backend.backend.BackendApplication       : No active profile set, falling back to 1 default profile: "default"
2025-05-12T04:23:21.504-07:00  INFO 17612 --- [restartedMain] .s.d.r.c.RepositoryConfigurationDelegate : Bootstrapping Spring Data JPA repositories in DEFAULT mode.
2025-05-12T04:23:21.602-07:00  INFO 17612 --- [restartedMain] .s.d.r.c.RepositoryConfigurationDelegate : Finished Spring Data repository scanning in 96 ms. Found 13 JPA repository interfaces.
2025-05-12T04:23:21.818-07:00  INFO 17612 --- [restartedMain] b.backend.config.ServerPortConfig        : Configuring server to use port: 8080
2025-05-12T04:23:21.855-07:00  INFO 17612 --- [restartedMain] o.s.b.w.embedded.tomcat.TomcatWebServer  : Tomcat initialized with port 8080 (http)
2025-05-12T04:23:21.862-07:00  INFO 17612 --- [restartedMain] o.apache.catalina.core.StandardService   : Starting service [Tomcat]
2025-05-12T04:23:21.864-07:00  INFO 17612 --- [restartedMain] o.apache.catalina.core.StandardEngine    : Starting Servlet engine: [Apache Tomcat/10.1.36]
2025-05-12T04:23:21.947-07:00  INFO 17612 --- [restartedMain] o.a.c.c.C.[Tomcat].[localhost].[/]       : Initializing Spring embedded WebApplicationContext
2025-05-12T04:23:21.949-07:00  INFO 17612 --- [restartedMain] w.s.c.ServletWebServerApplicationContext : Root WebApplicationContext: initialization completed in 1022 ms
2025-05-12T04:23:22.061-07:00  INFO 17612 --- [restartedMain] o.hibernate.jpa.internal.util.LogHelper  : HHH000204: Processing PersistenceUnitInfo [name: default]
2025-05-12T04:23:22.073-07:00  INFO 17612 --- [restartedMain] o.h.c.internal.RegionFactoryInitiator    : HHH000026: Second-level cache disabled
2025-05-12T04:23:22.128-07:00  INFO 17612 --- [restartedMain] o.s.o.j.p.SpringPersistenceUnitInfo      : No LoadTimeWeaver setup: ignoring JPA class transformer
2025-05-12T04:23:22.131-07:00  INFO 17612 --- [restartedMain] com.zaxxer.hikari.HikariDataSource       : HikariPool-6 - Starting...
2025-05-12T04:23:22.138-07:00  INFO 17612 --- [restartedMain] com.zaxxer.hikari.pool.HikariPool        : HikariPool-6 - Added connection com.mysql.cj.jdbc.ConnectionImpl@25f83523
2025-05-12T04:23:22.140-07:00  INFO 17612 --- [restartedMain] com.zaxxer.hikari.HikariDataSource       : HikariPool-6 - Start completed.
2025-05-12T04:23:22.144-07:00  WARN 17612 --- [restartedMain] org.hibernate.dialect.Dialect            : HHH000511: The 5.5.5 version for [org.hibernate.dialect.MySQLDialect] is no longer supported, hence certain features may not work properly. The minimum supported version is 8.0.0. Check the community dialects project for available legacy versions.
2025-05-12T04:23:22.146-07:00  WARN 17612 --- [restartedMain] org.hibernate.orm.deprecation            : HHH90000025: MySQLDialect does not need to be specified explicitly using 'hibernate.dialect' (remove the property setting and it will be selected by default)
2025-05-12T04:23:22.148-07:00  INFO 17612 --- [restartedMain] org.hibernate.orm.connections.pooling    : HHH10001005: Database info:
	Database JDBC URL [Connecting through datasource 'HikariDataSource (HikariPool-6)']
	Database driver: undefined/unknown
	Database version: 5.5.5
	Autocommit mode: undefined/unknown
	Isolation level: undefined/unknown
	Minimum pool size: undefined/unknown
	Maximum pool size: undefined/unknown
2025-05-12T04:23:22.586-07:00  INFO 17612 --- [restartedMain] o.h.e.t.j.p.i.JtaPlatformInitiator       : HHH000489: No JTA platform available (set 'hibernate.transaction.jta.platform' to enable JTA platform integration)
2025-05-12T04:23:22.807-07:00  INFO 17612 --- [restartedMain] j.LocalContainerEntityManagerFactoryBean : Initialized JPA EntityManagerFactory for persistence unit 'default'
2025-05-12T04:23:23.415-07:00  WARN 17612 --- [restartedMain] JpaBaseConfiguration$JpaWebConfiguration : spring.jpa.open-in-view is enabled by default. Therefore, database queries may be performed during view rendering. Explicitly configure spring.jpa.open-in-view to disable this warning
2025-05-12T04:23:23.427-07:00  WARN 17612 --- [restartedMain] .s.s.UserDetailsServiceAutoConfiguration : 

Using generated security password: 343b1095-b6a7-4bcc-8f5a-14dc29c4392d

This generated password is for development use only. Your security configuration must be updated before running your application in production.

2025-05-12T04:23:23.432-07:00  INFO 17612 --- [restartedMain] r$InitializeUserDetailsManagerConfigurer : Global AuthenticationManager configured with UserDetailsService bean with name inMemoryUserDetailsManager
2025-05-12T04:23:23.656-07:00  INFO 17612 --- [restartedMain] o.s.b.d.a.OptionalLiveReloadServer       : LiveReload server is running on port 35729
2025-05-12T04:23:23.669-07:00  INFO 17612 --- [restartedMain] o.s.m.s.b.SimpleBrokerMessageHandler     : Starting...
2025-05-12T04:23:23.670-07:00  INFO 17612 --- [restartedMain] o.s.m.s.b.SimpleBrokerMessageHandler     : BrokerAvailabilityEvent[available=true, SimpleBrokerMessageHandler [org.springframework.messaging.simp.broker.DefaultSubscriptionRegistry@20695f4b]]
2025-05-12T04:23:23.671-07:00  INFO 17612 --- [restartedMain] o.s.m.s.b.SimpleBrokerMessageHandler     : Started.
2025-05-12T04:23:23.681-07:00  INFO 17612 --- [restartedMain] o.s.b.w.embedded.tomcat.TomcatWebServer  : Tomcat started on port 8080 (http) with context path '/'
2025-05-12T04:23:23.687-07:00  INFO 17612 --- [restartedMain] backend.backend.BackendApplication       : Started BackendApplication in 2.821 seconds (process running for 1241.977)
2025-05-12T04:23:23.699-07:00  INFO 17612 --- [restartedMain] .ConditionEvaluationDeltaLoggingListener : Condition evaluation unchanged
2025-05-12T04:23:33.454-07:00  INFO 17612 --- [http-nio-8080-exec-1] o.a.c.c.C.[Tomcat].[localhost].[/]       : Initializing Spring DispatcherServlet 'dispatcherServlet'
2025-05-12T04:23:33.456-07:00  INFO 17612 --- [http-nio-8080-exec-1] o.s.web.servlet.DispatcherServlet        : Initializing Servlet 'dispatcherServlet'
2025-05-12T04:23:33.461-07:00  INFO 17612 --- [http-nio-8080-exec-1] o.s.web.servlet.DispatcherServlet        : Completed initialization in 4 ms
2025-05-12T04:23:34.120-07:00  WARN 17612 --- [http-nio-8080-exec-8] o.s.web.servlet.PageNotFound             : No mapping for GET /avatar2.png
2025-05-12T04:23:34.128-07:00  WARN 17612 --- [http-nio-8080-exec-8] o.s.web.servlet.PageNotFound             : No endpoint GET /avatar2.png.
2025-05-12T04:23:43.421-07:00  WARN 17612 --- [http-nio-8080-exec-4] ration$PageModule$WarningLoggingModifier : Serializing PageImpl instances as-is is not supported, meaning that there is no guarantee about the stability of the resulting JSON structure!
	For a stable JSON structure, please use Spring Data's PagedModel (globally via @EnableSpringDataWebSupport(pageSerializationMode = VIA_DTO))
	or Spring HATEOAS and Spring Data's PagedResourcesAssembler as documented in https://docs.spring.io/spring-data/commons/reference/repositories/core-extensions.html#core.web.pageables.

2025-05-12T04:23:43.618-07:00  WARN 17612 --- [http-nio-8080-exec-2] o.s.web.servlet.PageNotFound             : No mapping for GET /avatar2.png
2025-05-12T04:23:43.622-07:00  WARN 17612 --- [http-nio-8080-exec-2] o.s.web.servlet.PageNotFound             : No endpoint GET /avatar2.png.
2025-05-12T04:24:23.676-07:00  INFO 17612 --- [MessageBroker-6] o.s.w.s.c.WebSocketMessageBrokerStats    : WebSocketSession[2 current WS(2)-HttpStream(0)-HttpPoll(0), 2 total, 0 closed abnormally (0 connect failure, 0 send limit, 0 transport error)], stompSubProtocol[processed CONNECT(2)-CONNECTED(2)-DISCONNECT(0)], stompBrokerRelay[null], inboundChannel[pool size = 16, active threads = 0, queued tasks = 0, completed tasks = 24], outboundChannel[pool size = 2, active threads = 0, queued tasks = 0, completed tasks = 2], sockJsScheduler[pool size = 8, active threads = 1, queued tasks = 3, completed tasks = 12]
2025-05-12T04:25:54.846-07:00  WARN 17612 --- [http-nio-8080-exec-7] o.s.web.servlet.PageNotFound             : No mapping for GET /avatar2.png
2025-05-12T04:25:54.851-07:00  WARN 17612 --- [http-nio-8080-exec-7] o.s.web.servlet.PageNotFound             : No endpoint GET /avatar2.png.
2025-05-12T04:25:58.483-07:00  WARN 17612 --- [http-nio-8080-exec-5] o.s.web.servlet.PageNotFound             : No mapping for GET /avatar2.png
2025-05-12T04:25:58.486-07:00  WARN 17612 --- [http-nio-8080-exec-5] o.s.web.servlet.PageNotFound             : No endpoint GET /avatar2.png.
2025-05-12T04:25:59.665-07:00  WARN 17612 --- [http-nio-8080-exec-9] o.s.web.servlet.PageNotFound             : No mapping for GET /avatar2.png
2025-05-12T04:25:59.668-07:00  WARN 17612 --- [http-nio-8080-exec-9] o.s.web.servlet.PageNotFound             : No endpoint GET /avatar2.png.
2025-05-12T04:25:59.953-07:00  WARN 17612 --- [http-nio-8080-exec-5] o.s.web.servlet.PageNotFound             : No mapping for GET /avatar2.png
2025-05-12T04:25:59.954-07:00  WARN 17612 --- [http-nio-8080-exec-5] o.s.web.servlet.PageNotFound             : No endpoint GET /avatar2.png.
